2010-09-09 04:29:34	SMTP -> get_lines(): $data was ""
2010-09-09 04:29:34	SMTP -> get_lines(): $str is "220 b1.hitrost.net ESMTP Exim 4.72 Wed, 08 Sep 2010 21:29:31 +0200
"
2010-09-09 04:29:34	SMTP -> get_lines(): $data is "220 b1.hitrost.net ESMTP Exim 4.72 Wed, 08 Sep 2010 21:29:31 +0200
"
2010-09-09 04:29:34	SMTP -> FROM SERVER:220 b1.hitrost.net ESMTP Exim 4.72 Wed, 08 Sep 2010 21:29:31 +0200

2010-09-09 04:29:34	SMTP -> get_lines(): $data was ""
2010-09-09 04:29:34	SMTP -> get_lines(): $str is "250-b1.hitrost.net Hello a91-153-255-236.elisa-laajakaista.fi [91.153.255.236]
"
2010-09-09 04:29:34	SMTP -> get_lines(): $data is "250-b1.hitrost.net Hello a91-153-255-236.elisa-laajakaista.fi [91.153.255.236]
"
2010-09-09 04:29:34	SMTP -> get_lines(): $data was "250-b1.hitrost.net Hello a91-153-255-236.elisa-laajakaista.fi [91.153.255.236]
"
2010-09-09 04:29:34	SMTP -> get_lines(): $str is "250-SIZE 104857600
"
2010-09-09 04:29:34	SMTP -> get_lines(): $data is "250-b1.hitrost.net Hello a91-153-255-236.elisa-laajakaista.fi [91.153.255.236]
250-SIZE 104857600
"
2010-09-09 04:29:34	SMTP -> get_lines(): $data was "250-b1.hitrost.net Hello a91-153-255-236.elisa-laajakaista.fi [91.153.255.236]
250-SIZE 104857600
"
2010-09-09 04:29:34	SMTP -> get_lines(): $str is "250-PIPELINING
"
2010-09-09 04:29:34	SMTP -> get_lines(): $data is "250-b1.hitrost.net Hello a91-153-255-236.elisa-laajakaista.fi [91.153.255.236]
250-SIZE 104857600
250-PIPELINING
"
2010-09-09 04:29:34	SMTP -> get_lines(): $data was "250-b1.hitrost.net Hello a91-153-255-236.elisa-laajakaista.fi [91.153.255.236]
250-SIZE 104857600
250-PIPELINING
"
2010-09-09 04:29:34	SMTP -> get_lines(): $str is "250-AUTH PLAIN LOGIN
"
2010-09-09 04:29:34	SMTP -> get_lines(): $data is "250-b1.hitrost.net Hello a91-153-255-236.elisa-laajakaista.fi [91.153.255.236]
250-SIZE 104857600
250-PIPELINING
250-AUTH PLAIN LOGIN
"
2010-09-09 04:29:34	SMTP -> get_lines(): $data was "250-b1.hitrost.net Hello a91-153-255-236.elisa-laajakaista.fi [91.153.255.236]
250-SIZE 104857600
250-PIPELINING
250-AUTH PLAIN LOGIN
"
2010-09-09 04:29:34	SMTP -> get_lines(): $str is "250-STARTTLS
"
2010-09-09 04:29:34	SMTP -> get_lines(): $data is "250-b1.hitrost.net Hello a91-153-255-236.elisa-laajakaista.fi [91.153.255.236]
250-SIZE 104857600
250-PIPELINING
250-AUTH PLAIN LOGIN
250-STARTTLS
"
2010-09-09 04:29:34	SMTP -> get_lines(): $data was "250-b1.hitrost.net Hello a91-153-255-236.elisa-laajakaista.fi [91.153.255.236]
250-SIZE 104857600
250-PIPELINING
250-AUTH PLAIN LOGIN
250-STARTTLS
"
2010-09-09 04:29:34	SMTP -> get_lines(): $str is "250 HELP
"
2010-09-09 04:29:34	SMTP -> get_lines(): $data is "250-b1.hitrost.net Hello a91-153-255-236.elisa-laajakaista.fi [91.153.255.236]
250-SIZE 104857600
250-PIPELINING
250-AUTH PLAIN LOGIN
250-STARTTLS
250 HELP
"
2010-09-09 04:29:34	SMTP -> FROM SERVER: 250-b1.hitrost.net Hello a91-153-255-236.elisa-laajakaista.fi [91.153.255.236]
250-SIZE 104857600
250-PIPELINING
250-AUTH PLAIN LOGIN
250-STARTTLS
250 HELP

2010-09-09 04:29:34	SMTP -> get_lines(): $data was ""
2010-09-09 04:29:34	SMTP -> get_lines(): $str is "334 VXNlcm5hbWU6
"
2010-09-09 04:29:34	SMTP -> get_lines(): $data is "334 VXNlcm5hbWU6
"
2010-09-09 04:29:34	SMTP -> get_lines(): $data was ""
2010-09-09 04:29:34	SMTP -> get_lines(): $str is "334 UGFzc3dvcmQ6
"
2010-09-09 04:29:34	SMTP -> get_lines(): $data is "334 UGFzc3dvcmQ6
"
2010-09-09 04:29:34	SMTP -> get_lines(): $data was ""
2010-09-09 04:29:34	SMTP -> get_lines(): $str is "235 Authentication succeeded
"
2010-09-09 04:29:34	SMTP -> get_lines(): $data is "235 Authentication succeeded
"
2010-09-09 04:29:34	SMTP -> get_lines(): $data was ""
2010-09-09 04:29:34	SMTP -> get_lines(): $str is "250 OK
"
2010-09-09 04:29:34	SMTP -> get_lines(): $data is "250 OK
"
2010-09-09 04:29:34	SMTP -> FROM SERVER:250 OK

2010-09-09 04:29:34	SMTP -> get_lines(): $data was ""
2010-09-09 04:29:34	SMTP -> get_lines(): $str is "250 Accepted
"
2010-09-09 04:29:34	SMTP -> get_lines(): $data is "250 Accepted
"
2010-09-09 04:29:34	SMTP -> FROM SERVER:250 Accepted

2010-09-09 04:29:34	SMTP -> get_lines(): $data was ""
2010-09-09 04:29:34	SMTP -> get_lines(): $str is "250 Accepted
"
2010-09-09 04:29:34	SMTP -> get_lines(): $data is "250 Accepted
"
2010-09-09 04:29:34	SMTP -> FROM SERVER:250 Accepted

2010-09-09 04:29:34	SMTP -> get_lines(): $data was ""
2010-09-09 04:29:34	SMTP -> get_lines(): $str is "354 Enter message, ending with "." on a line by itself
"
2010-09-09 04:29:34	SMTP -> get_lines(): $data is "354 Enter message, ending with "." on a line by itself
"
2010-09-09 04:29:34	SMTP -> FROM SERVER:354 Enter message, ending with "." on a line by itself

2010-09-09 04:29:35	SMTP -> get_lines(): $data was ""
2010-09-09 04:29:35	SMTP -> get_lines(): $str is "250 OK id=1OtQKp-0006oK-N9
"
2010-09-09 04:29:35	SMTP -> get_lines(): $data is "250 OK id=1OtQKp-0006oK-N9
"
2010-09-09 04:29:35	SMTP -> FROM SERVER:250 OK id=1OtQKp-0006oK-N9

2010-09-09 04:47:42	SMTP -> get_lines(): $data was ""
2010-09-09 04:47:42	SMTP -> get_lines(): $str is "220 b1.hitrost.net ESMTP Exim 4.72 Wed, 08 Sep 2010 21:47:39 +0200
"
2010-09-09 04:47:42	SMTP -> get_lines(): $data is "220 b1.hitrost.net ESMTP Exim 4.72 Wed, 08 Sep 2010 21:47:39 +0200
"
2010-09-09 04:47:42	SMTP -> FROM SERVER:220 b1.hitrost.net ESMTP Exim 4.72 Wed, 08 Sep 2010 21:47:39 +0200

2010-09-09 04:47:42	SMTP -> get_lines(): $data was ""
2010-09-09 04:47:42	SMTP -> get_lines(): $str is "250-b1.hitrost.net Hello a91-153-255-236.elisa-laajakaista.fi [91.153.255.236]
"
2010-09-09 04:47:42	SMTP -> get_lines(): $data is "250-b1.hitrost.net Hello a91-153-255-236.elisa-laajakaista.fi [91.153.255.236]
"
2010-09-09 04:47:42	SMTP -> get_lines(): $data was "250-b1.hitrost.net Hello a91-153-255-236.elisa-laajakaista.fi [91.153.255.236]
"
2010-09-09 04:47:42	SMTP -> get_lines(): $str is "250-SIZE 104857600
"
2010-09-09 04:47:42	SMTP -> get_lines(): $data is "250-b1.hitrost.net Hello a91-153-255-236.elisa-laajakaista.fi [91.153.255.236]
250-SIZE 104857600
"
2010-09-09 04:47:42	SMTP -> get_lines(): $data was "250-b1.hitrost.net Hello a91-153-255-236.elisa-laajakaista.fi [91.153.255.236]
250-SIZE 104857600
"
2010-09-09 04:47:42	SMTP -> get_lines(): $str is "250-PIPELINING
"
2010-09-09 04:47:42	SMTP -> get_lines(): $data is "250-b1.hitrost.net Hello a91-153-255-236.elisa-laajakaista.fi [91.153.255.236]
250-SIZE 104857600
250-PIPELINING
"
2010-09-09 04:47:42	SMTP -> get_lines(): $data was "250-b1.hitrost.net Hello a91-153-255-236.elisa-laajakaista.fi [91.153.255.236]
250-SIZE 104857600
250-PIPELINING
"
2010-09-09 04:47:42	SMTP -> get_lines(): $str is "250-AUTH PLAIN LOGIN
"
2010-09-09 04:47:42	SMTP -> get_lines(): $data is "250-b1.hitrost.net Hello a91-153-255-236.elisa-laajakaista.fi [91.153.255.236]
250-SIZE 104857600
250-PIPELINING
250-AUTH PLAIN LOGIN
"
2010-09-09 04:47:42	SMTP -> get_lines(): $data was "250-b1.hitrost.net Hello a91-153-255-236.elisa-laajakaista.fi [91.153.255.236]
250-SIZE 104857600
250-PIPELINING
250-AUTH PLAIN LOGIN
"
2010-09-09 04:47:42	SMTP -> get_lines(): $str is "250-STARTTLS
"
2010-09-09 04:47:42	SMTP -> get_lines(): $data is "250-b1.hitrost.net Hello a91-153-255-236.elisa-laajakaista.fi [91.153.255.236]
250-SIZE 104857600
250-PIPELINING
250-AUTH PLAIN LOGIN
250-STARTTLS
"
2010-09-09 04:47:42	SMTP -> get_lines(): $data was "250-b1.hitrost.net Hello a91-153-255-236.elisa-laajakaista.fi [91.153.255.236]
250-SIZE 104857600
250-PIPELINING
250-AUTH PLAIN LOGIN
250-STARTTLS
"
2010-09-09 04:47:42	SMTP -> get_lines(): $str is "250 HELP
"
2010-09-09 04:47:42	SMTP -> get_lines(): $data is "250-b1.hitrost.net Hello a91-153-255-236.elisa-laajakaista.fi [91.153.255.236]
250-SIZE 104857600
250-PIPELINING
250-AUTH PLAIN LOGIN
250-STARTTLS
250 HELP
"
2010-09-09 04:47:42	SMTP -> FROM SERVER: 250-b1.hitrost.net Hello a91-153-255-236.elisa-laajakaista.fi [91.153.255.236]
250-SIZE 104857600
250-PIPELINING
250-AUTH PLAIN LOGIN
250-STARTTLS
250 HELP

2010-09-09 04:47:42	SMTP -> get_lines(): $data was ""
2010-09-09 04:47:42	SMTP -> get_lines(): $str is "334 VXNlcm5hbWU6
"
2010-09-09 04:47:42	SMTP -> get_lines(): $data is "334 VXNlcm5hbWU6
"
2010-09-09 04:47:42	SMTP -> get_lines(): $data was ""
2010-09-09 04:47:42	SMTP -> get_lines(): $str is "334 UGFzc3dvcmQ6
"
2010-09-09 04:47:42	SMTP -> get_lines(): $data is "334 UGFzc3dvcmQ6
"
2010-09-09 04:47:42	SMTP -> get_lines(): $data was ""
2010-09-09 04:47:42	SMTP -> get_lines(): $str is "235 Authentication succeeded
"
2010-09-09 04:47:42	SMTP -> get_lines(): $data is "235 Authentication succeeded
"
2010-09-09 04:47:42	SMTP -> get_lines(): $data was ""
2010-09-09 04:47:42	SMTP -> get_lines(): $str is "250 OK
"
2010-09-09 04:47:42	SMTP -> get_lines(): $data is "250 OK
"
2010-09-09 04:47:42	SMTP -> FROM SERVER:250 OK

2010-09-09 04:47:43	SMTP -> get_lines(): $data was ""
2010-09-09 04:47:43	SMTP -> get_lines(): $str is "250 Accepted
"
2010-09-09 04:47:43	SMTP -> get_lines(): $data is "250 Accepted
"
2010-09-09 04:47:43	SMTP -> FROM SERVER:250 Accepted

2010-09-09 04:47:43	SMTP -> get_lines(): $data was ""
2010-09-09 04:47:43	SMTP -> get_lines(): $str is "250 Accepted
"
2010-09-09 04:47:43	SMTP -> get_lines(): $data is "250 Accepted
"
2010-09-09 04:47:43	SMTP -> FROM SERVER:250 Accepted

2010-09-09 04:47:43	SMTP -> get_lines(): $data was ""
2010-09-09 04:47:43	SMTP -> get_lines(): $str is "354 Enter message, ending with "." on a line by itself
"
2010-09-09 04:47:43	SMTP -> get_lines(): $data is "354 Enter message, ending with "." on a line by itself
"
2010-09-09 04:47:43	SMTP -> FROM SERVER:354 Enter message, ending with "." on a line by itself

2010-09-09 04:47:43	SMTP -> get_lines(): $data was ""
2010-09-09 04:47:43	SMTP -> get_lines(): $str is "250 OK id=1OtQcO-00071K-53
"
2010-09-09 04:47:43	SMTP -> get_lines(): $data is "250 OK id=1OtQcO-00071K-53
"
2010-09-09 04:47:43	SMTP -> FROM SERVER:250 OK id=1OtQcO-00071K-53

2010-09-09 05:27:41	SMTP -> get_lines(): $data was ""
2010-09-09 05:27:41	SMTP -> get_lines(): $str is "220 b1.hitrost.net ESMTP Exim 4.72 Wed, 08 Sep 2010 22:27:38 +0200
"
2010-09-09 05:27:41	SMTP -> get_lines(): $data is "220 b1.hitrost.net ESMTP Exim 4.72 Wed, 08 Sep 2010 22:27:38 +0200
"
2010-09-09 05:27:41	SMTP -> FROM SERVER:220 b1.hitrost.net ESMTP Exim 4.72 Wed, 08 Sep 2010 22:27:38 +0200

2010-09-09 05:27:41	SMTP -> get_lines(): $data was ""
2010-09-09 05:27:41	SMTP -> get_lines(): $str is "250-b1.hitrost.net Hello a91-153-255-236.elisa-laajakaista.fi [91.153.255.236]
"
2010-09-09 05:27:41	SMTP -> get_lines(): $data is "250-b1.hitrost.net Hello a91-153-255-236.elisa-laajakaista.fi [91.153.255.236]
"
2010-09-09 05:27:41	SMTP -> get_lines(): $data was "250-b1.hitrost.net Hello a91-153-255-236.elisa-laajakaista.fi [91.153.255.236]
"
2010-09-09 05:27:41	SMTP -> get_lines(): $str is "250-SIZE 104857600
"
2010-09-09 05:27:41	SMTP -> get_lines(): $data is "250-b1.hitrost.net Hello a91-153-255-236.elisa-laajakaista.fi [91.153.255.236]
250-SIZE 104857600
"
2010-09-09 05:27:41	SMTP -> get_lines(): $data was "250-b1.hitrost.net Hello a91-153-255-236.elisa-laajakaista.fi [91.153.255.236]
250-SIZE 104857600
"
2010-09-09 05:27:41	SMTP -> get_lines(): $str is "250-PIPELINING
"
2010-09-09 05:27:41	SMTP -> get_lines(): $data is "250-b1.hitrost.net Hello a91-153-255-236.elisa-laajakaista.fi [91.153.255.236]
250-SIZE 104857600
250-PIPELINING
"
2010-09-09 05:27:41	SMTP -> get_lines(): $data was "250-b1.hitrost.net Hello a91-153-255-236.elisa-laajakaista.fi [91.153.255.236]
250-SIZE 104857600
250-PIPELINING
"
2010-09-09 05:27:41	SMTP -> get_lines(): $str is "250-AUTH PLAIN LOGIN
"
2010-09-09 05:27:41	SMTP -> get_lines(): $data is "250-b1.hitrost.net Hello a91-153-255-236.elisa-laajakaista.fi [91.153.255.236]
250-SIZE 104857600
250-PIPELINING
250-AUTH PLAIN LOGIN
"
2010-09-09 05:27:41	SMTP -> get_lines(): $data was "250-b1.hitrost.net Hello a91-153-255-236.elisa-laajakaista.fi [91.153.255.236]
250-SIZE 104857600
250-PIPELINING
250-AUTH PLAIN LOGIN
"
2010-09-09 05:27:41	SMTP -> get_lines(): $str is "250-STARTTLS
"
2010-09-09 05:27:41	SMTP -> get_lines(): $data is "250-b1.hitrost.net Hello a91-153-255-236.elisa-laajakaista.fi [91.153.255.236]
250-SIZE 104857600
250-PIPELINING
250-AUTH PLAIN LOGIN
250-STARTTLS
"
2010-09-09 05:27:41	SMTP -> get_lines(): $data was "250-b1.hitrost.net Hello a91-153-255-236.elisa-laajakaista.fi [91.153.255.236]
250-SIZE 104857600
250-PIPELINING
250-AUTH PLAIN LOGIN
250-STARTTLS
"
2010-09-09 05:27:41	SMTP -> get_lines(): $str is "250 HELP
"
2010-09-09 05:27:41	SMTP -> get_lines(): $data is "250-b1.hitrost.net Hello a91-153-255-236.elisa-laajakaista.fi [91.153.255.236]
250-SIZE 104857600
250-PIPELINING
250-AUTH PLAIN LOGIN
250-STARTTLS
250 HELP
"
2010-09-09 05:27:41	SMTP -> FROM SERVER: 250-b1.hitrost.net Hello a91-153-255-236.elisa-laajakaista.fi [91.153.255.236]
250-SIZE 104857600
250-PIPELINING
250-AUTH PLAIN LOGIN
250-STARTTLS
250 HELP

2010-09-09 05:27:41	SMTP -> get_lines(): $data was ""
2010-09-09 05:27:41	SMTP -> get_lines(): $str is "334 VXNlcm5hbWU6
"
2010-09-09 05:27:41	SMTP -> get_lines(): $data is "334 VXNlcm5hbWU6
"
2010-09-09 05:27:41	SMTP -> get_lines(): $data was ""
2010-09-09 05:27:41	SMTP -> get_lines(): $str is "334 UGFzc3dvcmQ6
"
2010-09-09 05:27:41	SMTP -> get_lines(): $data is "334 UGFzc3dvcmQ6
"
2010-09-09 05:27:42	SMTP -> get_lines(): $data was ""
2010-09-09 05:27:42	SMTP -> get_lines(): $str is "235 Authentication succeeded
"
2010-09-09 05:27:42	SMTP -> get_lines(): $data is "235 Authentication succeeded
"
2010-09-09 05:27:42	SMTP -> get_lines(): $data was ""
2010-09-09 05:27:42	SMTP -> get_lines(): $str is "250 OK
"
2010-09-09 05:27:42	SMTP -> get_lines(): $data is "250 OK
"
2010-09-09 05:27:42	SMTP -> FROM SERVER:250 OK

2010-09-09 05:27:42	SMTP -> get_lines(): $data was ""
2010-09-09 05:27:42	SMTP -> get_lines(): $str is "250 Accepted
"
2010-09-09 05:27:42	SMTP -> get_lines(): $data is "250 Accepted
"
2010-09-09 05:27:42	SMTP -> FROM SERVER:250 Accepted

2010-09-09 05:27:42	SMTP -> get_lines(): $data was ""
2010-09-09 05:27:42	SMTP -> get_lines(): $str is "250 Accepted
"
2010-09-09 05:27:42	SMTP -> get_lines(): $data is "250 Accepted
"
2010-09-09 05:27:42	SMTP -> FROM SERVER:250 Accepted

2010-09-09 05:27:42	SMTP -> get_lines(): $data was ""
2010-09-09 05:27:42	SMTP -> get_lines(): $str is "354 Enter message, ending with "." on a line by itself
"
2010-09-09 05:27:42	SMTP -> get_lines(): $data is "354 Enter message, ending with "." on a line by itself
"
2010-09-09 05:27:42	SMTP -> FROM SERVER:354 Enter message, ending with "." on a line by itself

2010-09-09 05:27:42	SMTP -> get_lines(): $data was ""
2010-09-09 05:27:42	SMTP -> get_lines(): $str is "250 OK id=1OtRF5-0000rc-6Q
"
2010-09-09 05:27:42	SMTP -> get_lines(): $data is "250 OK id=1OtRF5-0000rc-6Q
"
2010-09-09 05:27:42	SMTP -> FROM SERVER:250 OK id=1OtRF5-0000rc-6Q

2010-09-09 13:47:16	SMTP -> get_lines(): $data was ""
2010-09-09 13:47:16	SMTP -> get_lines(): $str is "220 b1.hitrost.net ESMTP Exim 4.72 Thu, 09 Sep 2010 06:47:14 +0200
"
2010-09-09 13:47:16	SMTP -> get_lines(): $data is "220 b1.hitrost.net ESMTP Exim 4.72 Thu, 09 Sep 2010 06:47:14 +0200
"
2010-09-09 13:47:16	SMTP -> FROM SERVER:220 b1.hitrost.net ESMTP Exim 4.72 Thu, 09 Sep 2010 06:47:14 +0200

2010-09-09 13:47:17	SMTP -> get_lines(): $data was ""
2010-09-09 13:47:17	SMTP -> get_lines(): $str is "250-b1.hitrost.net Hello a91-153-255-236.elisa-laajakaista.fi [91.153.255.236]
"
2010-09-09 13:47:17	SMTP -> get_lines(): $data is "250-b1.hitrost.net Hello a91-153-255-236.elisa-laajakaista.fi [91.153.255.236]
"
2010-09-09 13:47:17	SMTP -> get_lines(): $data was "250-b1.hitrost.net Hello a91-153-255-236.elisa-laajakaista.fi [91.153.255.236]
"
2010-09-09 13:47:17	SMTP -> get_lines(): $str is "250-SIZE 104857600
"
2010-09-09 13:47:17	SMTP -> get_lines(): $data is "250-b1.hitrost.net Hello a91-153-255-236.elisa-laajakaista.fi [91.153.255.236]
250-SIZE 104857600
"
2010-09-09 13:47:17	SMTP -> get_lines(): $data was "250-b1.hitrost.net Hello a91-153-255-236.elisa-laajakaista.fi [91.153.255.236]
250-SIZE 104857600
"
2010-09-09 13:47:17	SMTP -> get_lines(): $str is "250-PIPELINING
"
2010-09-09 13:47:17	SMTP -> get_lines(): $data is "250-b1.hitrost.net Hello a91-153-255-236.elisa-laajakaista.fi [91.153.255.236]
250-SIZE 104857600
250-PIPELINING
"
2010-09-09 13:47:17	SMTP -> get_lines(): $data was "250-b1.hitrost.net Hello a91-153-255-236.elisa-laajakaista.fi [91.153.255.236]
250-SIZE 104857600
250-PIPELINING
"
2010-09-09 13:47:17	SMTP -> get_lines(): $str is "250-AUTH PLAIN LOGIN
"
2010-09-09 13:47:17	SMTP -> get_lines(): $data is "250-b1.hitrost.net Hello a91-153-255-236.elisa-laajakaista.fi [91.153.255.236]
250-SIZE 104857600
250-PIPELINING
250-AUTH PLAIN LOGIN
"
2010-09-09 13:47:17	SMTP -> get_lines(): $data was "250-b1.hitrost.net Hello a91-153-255-236.elisa-laajakaista.fi [91.153.255.236]
250-SIZE 104857600
250-PIPELINING
250-AUTH PLAIN LOGIN
"
2010-09-09 13:47:17	SMTP -> get_lines(): $str is "250-STARTTLS
"
2010-09-09 13:47:17	SMTP -> get_lines(): $data is "250-b1.hitrost.net Hello a91-153-255-236.elisa-laajakaista.fi [91.153.255.236]
250-SIZE 104857600
250-PIPELINING
250-AUTH PLAIN LOGIN
250-STARTTLS
"
2010-09-09 13:47:17	SMTP -> get_lines(): $data was "250-b1.hitrost.net Hello a91-153-255-236.elisa-laajakaista.fi [91.153.255.236]
250-SIZE 104857600
250-PIPELINING
250-AUTH PLAIN LOGIN
250-STARTTLS
"
2010-09-09 13:47:17	SMTP -> get_lines(): $str is "250 HELP
"
2010-09-09 13:47:17	SMTP -> get_lines(): $data is "250-b1.hitrost.net Hello a91-153-255-236.elisa-laajakaista.fi [91.153.255.236]
250-SIZE 104857600
250-PIPELINING
250-AUTH PLAIN LOGIN
250-STARTTLS
250 HELP
"
2010-09-09 13:47:17	SMTP -> FROM SERVER: 250-b1.hitrost.net Hello a91-153-255-236.elisa-laajakaista.fi [91.153.255.236]
250-SIZE 104857600
250-PIPELINING
250-AUTH PLAIN LOGIN
250-STARTTLS
250 HELP

2010-09-09 13:47:17	SMTP -> get_lines(): $data was ""
2010-09-09 13:47:17	SMTP -> get_lines(): $str is "334 VXNlcm5hbWU6
"
2010-09-09 13:47:17	SMTP -> get_lines(): $data is "334 VXNlcm5hbWU6
"
2010-09-09 13:47:17	SMTP -> get_lines(): $data was ""
2010-09-09 13:47:17	SMTP -> get_lines(): $str is "334 UGFzc3dvcmQ6
"
2010-09-09 13:47:17	SMTP -> get_lines(): $data is "334 UGFzc3dvcmQ6
"
2010-09-09 13:47:18	SMTP -> get_lines(): $data was ""
2010-09-09 13:47:18	SMTP -> get_lines(): $str is "235 Authentication succeeded
"
2010-09-09 13:47:18	SMTP -> get_lines(): $data is "235 Authentication succeeded
"
2010-09-09 13:47:18	SMTP -> get_lines(): $data was ""
2010-09-09 13:47:18	SMTP -> get_lines(): $str is "250 OK
"
2010-09-09 13:47:18	SMTP -> get_lines(): $data is "250 OK
"
2010-09-09 13:47:18	SMTP -> FROM SERVER:250 OK

2010-09-09 13:47:18	SMTP -> get_lines(): $data was ""
2010-09-09 13:47:18	SMTP -> get_lines(): $str is "250 Accepted
"
2010-09-09 13:47:18	SMTP -> get_lines(): $data is "250 Accepted
"
2010-09-09 13:47:18	SMTP -> FROM SERVER:250 Accepted

2010-09-09 13:47:18	SMTP -> get_lines(): $data was ""
2010-09-09 13:47:18	SMTP -> get_lines(): $str is "250 Accepted
"
2010-09-09 13:47:18	SMTP -> get_lines(): $data is "250 Accepted
"
2010-09-09 13:47:18	SMTP -> FROM SERVER:250 Accepted

2010-09-09 13:47:18	SMTP -> get_lines(): $data was ""
2010-09-09 13:47:18	SMTP -> get_lines(): $str is "354 Enter message, ending with "." on a line by itself
"
2010-09-09 13:47:18	SMTP -> get_lines(): $data is "354 Enter message, ending with "." on a line by itself
"
2010-09-09 13:47:18	SMTP -> FROM SERVER:354 Enter message, ending with "." on a line by itself

2010-09-09 13:47:19	SMTP -> get_lines(): $data was ""
2010-09-09 13:47:19	SMTP -> get_lines(): $str is "250 OK id=1OtZ2Z-0000E8-PR
"
2010-09-09 13:47:19	SMTP -> get_lines(): $data is "250 OK id=1OtZ2Z-0000E8-PR
"
2010-09-09 13:47:19	SMTP -> FROM SERVER:250 OK id=1OtZ2Z-0000E8-PR

