2010-09-02 04:51:43 src: /stuff/www/renshuu.paazmaya.com/public_html/css/main.css, size: 7906
2010-09-02 04:51:43 src: /stuff/www/renshuu.paazmaya.com/public_html/css/autoSuggest.css, size: 4750
2010-09-02 04:51:43 src: /stuff/www/renshuu.paazmaya.com/public_html/css/jquery.clockpick.1.2.7.css, size: 706
2010-09-02 04:51:43 src: /stuff/www/renshuu.paazmaya.com/public_html/css/ui.timepickr.css, size: 843
2010-09-02 05:21:14 src: /stuff/www/renshuu.paazmaya.com/public_html/css/main.css, size: 7906
2010-09-02 05:21:14 src: /stuff/www/renshuu.paazmaya.com/public_html/css/autoSuggest.css, size: 4750
2010-09-02 05:21:14 src: /stuff/www/renshuu.paazmaya.com/public_html/css/jquery.clockpick.1.2.7.css, size: 706
2010-09-02 05:21:14 src: /stuff/www/renshuu.paazmaya.com/public_html/css/ui.timepickr.css, size: 843
2010-09-02 06:46:56 src: /stuff/www/renshuu.paazmaya.com/public_html/css/main.css, size: 7906
2010-09-02 06:46:56 src: /stuff/www/renshuu.paazmaya.com/public_html/css/autoSuggest.css, size: 4750
2010-09-02 06:46:56 src: /stuff/www/renshuu.paazmaya.com/public_html/css/jquery.clockpick.1.2.7.css, size: 706
2010-09-02 06:46:56 src: /stuff/www/renshuu.paazmaya.com/public_html/css/ui.timepickr.css, size: 843
2010-09-02 06:56:18 src: /stuff/www/renshuu.paazmaya.com/public_html/css/main.css, size: 7906
2010-09-02 06:56:18 src: /stuff/www/renshuu.paazmaya.com/public_html/css/autoSuggest.css, size: 4750
2010-09-02 06:56:18 src: /stuff/www/renshuu.paazmaya.com/public_html/css/jquery.clockpick.1.2.7.css, size: 706
2010-09-02 06:56:18 src: /stuff/www/renshuu.paazmaya.com/public_html/css/ui.timepickr.css, size: 843
2010-09-03 03:01:19 src: /stuff/www/renshuu.paazmaya.com/public_html/css/main.css, size: 7906
2010-09-03 03:01:19 src: /stuff/www/renshuu.paazmaya.com/public_html/css/autoSuggest.css, size: 4750
2010-09-03 03:01:19 src: /stuff/www/renshuu.paazmaya.com/public_html/css/jquery.clockpick.1.2.7.css, size: 706
2010-09-03 03:01:19 src: /stuff/www/renshuu.paazmaya.com/public_html/css/ui.timepickr.css, size: 843
2010-09-03 03:02:58 src: /stuff/www/renshuu.paazmaya.com/public_html/css/main.css, size: 7906
2010-09-03 03:02:58 src: /stuff/www/renshuu.paazmaya.com/public_html/css/autoSuggest.css, size: 4750
2010-09-03 03:02:58 src: /stuff/www/renshuu.paazmaya.com/public_html/css/jquery.clockpick.1.2.7.css, size: 706
2010-09-03 03:02:58 src: /stuff/www/renshuu.paazmaya.com/public_html/css/ui.timepickr.css, size: 843
2010-09-03 03:02:58 src: /stuff/www/renshuu.paazmaya.com/public_html/css/main.css, size: 7906
2010-09-03 03:02:58 src: /stuff/www/renshuu.paazmaya.com/public_html/css/autoSuggest.css, size: 4750
2010-09-03 03:02:58 src: /stuff/www/renshuu.paazmaya.com/public_html/css/jquery.clockpick.1.2.7.css, size: 706
2010-09-03 03:02:58 src: /stuff/www/renshuu.paazmaya.com/public_html/css/ui.timepickr.css, size: 843
2010-09-03 03:02:58 src: /stuff/www/renshuu.paazmaya.com/public_html/css/main.css, size: 7906
2010-09-03 03:02:58 src: /stuff/www/renshuu.paazmaya.com/public_html/css/autoSuggest.css, size: 4750
2010-09-03 03:02:58 src: /stuff/www/renshuu.paazmaya.com/public_html/css/jquery.clockpick.1.2.7.css, size: 706
2010-09-03 03:02:58 src: /stuff/www/renshuu.paazmaya.com/public_html/css/ui.timepickr.css, size: 843
2010-09-03 03:02:58 src: /stuff/www/renshuu.paazmaya.com/public_html/css/main.css, size: 7906
2010-09-03 03:02:58 src: /stuff/www/renshuu.paazmaya.com/public_html/css/autoSuggest.css, size: 4750
2010-09-03 03:02:58 src: /stuff/www/renshuu.paazmaya.com/public_html/css/jquery.clockpick.1.2.7.css, size: 706
2010-09-03 03:02:58 src: /stuff/www/renshuu.paazmaya.com/public_html/css/ui.timepickr.css, size: 843
2010-09-03 03:02:58 src: /stuff/www/renshuu.paazmaya.com/public_html/css/main.css, size: 7906
2010-09-03 03:02:58 src: /stuff/www/renshuu.paazmaya.com/public_html/css/autoSuggest.css, size: 4750
2010-09-03 03:02:58 src: /stuff/www/renshuu.paazmaya.com/public_html/css/jquery.clockpick.1.2.7.css, size: 706
2010-09-03 03:02:58 src: /stuff/www/renshuu.paazmaya.com/public_html/css/ui.timepickr.css, size: 843
2010-09-03 06:44:06 src: /stuff/www/renshuu.paazmaya.com/public_html/css/main.css, size: 7906
2010-09-03 06:44:06 src: /stuff/www/renshuu.paazmaya.com/public_html/css/autoSuggest.css, size: 4750
2010-09-03 06:44:06 src: /stuff/www/renshuu.paazmaya.com/public_html/css/jquery.clockpick.1.2.7.css, size: 706
2010-09-03 06:44:06 src: /stuff/www/renshuu.paazmaya.com/public_html/css/ui.timepickr.css, size: 843
2010-09-03 06:44:07 src: /stuff/www/renshuu.paazmaya.com/public_html/css/main.css, size: 7906
2010-09-03 06:44:07 src: /stuff/www/renshuu.paazmaya.com/public_html/css/autoSuggest.css, size: 4750
2010-09-03 06:44:07 src: /stuff/www/renshuu.paazmaya.com/public_html/css/jquery.clockpick.1.2.7.css, size: 706
2010-09-03 06:44:07 src: /stuff/www/renshuu.paazmaya.com/public_html/css/ui.timepickr.css, size: 843
2010-09-03 06:44:07 src: /stuff/www/renshuu.paazmaya.com/public_html/css/main.css, size: 7906
2010-09-03 06:44:07 src: /stuff/www/renshuu.paazmaya.com/public_html/css/autoSuggest.css, size: 4750
2010-09-03 06:44:07 src: /stuff/www/renshuu.paazmaya.com/public_html/css/jquery.clockpick.1.2.7.css, size: 706
2010-09-03 06:44:07 src: /stuff/www/renshuu.paazmaya.com/public_html/css/ui.timepickr.css, size: 843
2010-09-03 06:44:07 src: /stuff/www/renshuu.paazmaya.com/public_html/css/main.css, size: 7906
2010-09-03 06:44:07 src: /stuff/www/renshuu.paazmaya.com/public_html/css/autoSuggest.css, size: 4750
2010-09-03 06:44:07 src: /stuff/www/renshuu.paazmaya.com/public_html/css/jquery.clockpick.1.2.7.css, size: 706
2010-09-03 06:44:07 src: /stuff/www/renshuu.paazmaya.com/public_html/css/ui.timepickr.css, size: 843
2010-09-03 06:44:07 src: /stuff/www/renshuu.paazmaya.com/public_html/css/main.css, size: 7906
2010-09-03 06:44:07 src: /stuff/www/renshuu.paazmaya.com/public_html/css/autoSuggest.css, size: 4750
2010-09-03 06:44:07 src: /stuff/www/renshuu.paazmaya.com/public_html/css/jquery.clockpick.1.2.7.css, size: 706
2010-09-03 06:44:07 src: /stuff/www/renshuu.paazmaya.com/public_html/css/ui.timepickr.css, size: 843
2010-09-03 07:19:09 src: /stuff/www/renshuu.paazmaya.com/public_html/css/main.css, size: 7906
2010-09-03 07:19:09 src: /stuff/www/renshuu.paazmaya.com/public_html/css/autoSuggest.css, size: 4750
2010-09-03 07:19:09 src: /stuff/www/renshuu.paazmaya.com/public_html/css/jquery.clockpick.1.2.7.css, size: 706
2010-09-03 07:19:09 src: /stuff/www/renshuu.paazmaya.com/public_html/css/ui.timepickr.css, size: 843
2010-09-03 07:19:11 src: /stuff/www/renshuu.paazmaya.com/public_html/css/main.css, size: 7906
2010-09-03 07:19:11 src: /stuff/www/renshuu.paazmaya.com/public_html/css/autoSuggest.css, size: 4750
2010-09-03 07:19:11 src: /stuff/www/renshuu.paazmaya.com/public_html/css/jquery.clockpick.1.2.7.css, size: 706
2010-09-03 07:19:11 src: /stuff/www/renshuu.paazmaya.com/public_html/css/ui.timepickr.css, size: 843
2010-09-03 07:30:52 src: /stuff/www/renshuu.paazmaya.com/public_html/css/main.css, size: 7906
2010-09-03 07:30:52 src: /stuff/www/renshuu.paazmaya.com/public_html/css/autoSuggest.css, size: 4750
2010-09-03 07:30:52 src: /stuff/www/renshuu.paazmaya.com/public_html/css/jquery.clockpick.1.2.7.css, size: 706
2010-09-03 07:30:52 src: /stuff/www/renshuu.paazmaya.com/public_html/css/ui.timepickr.css, size: 843
2010-09-03 07:30:52 src: /stuff/www/renshuu.paazmaya.com/public_html/css/main.css, size: 7906
2010-09-03 07:30:52 src: /stuff/www/renshuu.paazmaya.com/public_html/css/autoSuggest.css, size: 4750
2010-09-03 07:30:52 src: /stuff/www/renshuu.paazmaya.com/public_html/css/jquery.clockpick.1.2.7.css, size: 706
2010-09-03 07:30:52 src: /stuff/www/renshuu.paazmaya.com/public_html/css/ui.timepickr.css, size: 843
2010-09-03 23:51:05 src: /stuff/www/renshuu.paazmaya.com/public_html/css/main.css, size: 7906
2010-09-03 23:51:05 src: /stuff/www/renshuu.paazmaya.com/public_html/css/autoSuggest.css, size: 4750
2010-09-03 23:51:05 src: /stuff/www/renshuu.paazmaya.com/public_html/css/jquery.clockpick.1.2.7.css, size: 706
2010-09-03 23:51:05 src: /stuff/www/renshuu.paazmaya.com/public_html/css/ui.timepickr.css, size: 843
2010-09-03 23:51:06 src: /stuff/www/renshuu.paazmaya.com/public_html/css/main.css, size: 7906
2010-09-03 23:51:06 src: /stuff/www/renshuu.paazmaya.com/public_html/css/autoSuggest.css, size: 4750
2010-09-03 23:51:06 src: /stuff/www/renshuu.paazmaya.com/public_html/css/jquery.clockpick.1.2.7.css, size: 706
2010-09-03 23:51:06 src: /stuff/www/renshuu.paazmaya.com/public_html/css/ui.timepickr.css, size: 843
2010-09-03 23:58:31 src: /stuff/www/renshuu.paazmaya.com/public_html/css/main.css, size: 7905
2010-09-03 23:58:31 des: /stuff/www/renshuu.paazmaya.com/public_html/css/main.min.css, size: 5700
2010-09-03 23:58:31 src: /stuff/www/renshuu.paazmaya.com/public_html/css/autoSuggest.css, size: 4750
2010-09-03 23:58:31 src: /stuff/www/renshuu.paazmaya.com/public_html/css/jquery.clockpick.1.2.7.css, size: 706
2010-09-03 23:58:31 src: /stuff/www/renshuu.paazmaya.com/public_html/css/ui.timepickr.css, size: 843
2010-09-03 23:58:31 outfile: /stuff/www/renshuu.paazmaya.com/public_html/css/renshuu.min.css, size: 10893
2010-09-03 23:58:31 outfilegz: /stuff/www/renshuu.paazmaya.com/public_html/css/renshuu.min.gz.css, size: 3039
2010-09-03 23:58:32 src: /stuff/www/renshuu.paazmaya.com/public_html/css/main.css, size: 7905
2010-09-03 23:58:32 src: /stuff/www/renshuu.paazmaya.com/public_html/css/autoSuggest.css, size: 4750
2010-09-03 23:58:32 src: /stuff/www/renshuu.paazmaya.com/public_html/css/jquery.clockpick.1.2.7.css, size: 706
2010-09-03 23:58:32 src: /stuff/www/renshuu.paazmaya.com/public_html/css/ui.timepickr.css, size: 843
2010-09-03 23:58:48 src: /stuff/www/renshuu.paazmaya.com/public_html/css/main.css, size: 7905
2010-09-03 23:58:48 src: /stuff/www/renshuu.paazmaya.com/public_html/css/autoSuggest.css, size: 4750
2010-09-03 23:58:48 src: /stuff/www/renshuu.paazmaya.com/public_html/css/jquery.clockpick.1.2.7.css, size: 706
2010-09-03 23:58:48 src: /stuff/www/renshuu.paazmaya.com/public_html/css/ui.timepickr.css, size: 843
2010-09-04 01:36:12 src: /stuff/www/renshuu.paazmaya.com/public_html/css/main.css, size: 7905
2010-09-04 01:36:12 src: /stuff/www/renshuu.paazmaya.com/public_html/css/autoSuggest.css, size: 4750
2010-09-04 01:36:12 src: /stuff/www/renshuu.paazmaya.com/public_html/css/jquery.clockpick.1.2.7.css, size: 706
2010-09-04 01:36:12 src: /stuff/www/renshuu.paazmaya.com/public_html/css/ui.timepickr.css, size: 843
2010-09-04 01:36:26 src: /stuff/www/renshuu.paazmaya.com/public_html/css/main.css, size: 7905
2010-09-04 01:36:26 src: /stuff/www/renshuu.paazmaya.com/public_html/css/autoSuggest.css, size: 4750
2010-09-04 01:36:26 src: /stuff/www/renshuu.paazmaya.com/public_html/css/jquery.clockpick.1.2.7.css, size: 706
2010-09-04 01:36:26 src: /stuff/www/renshuu.paazmaya.com/public_html/css/ui.timepickr.css, size: 843
2010-09-04 01:37:58 src: /stuff/www/renshuu.paazmaya.com/public_html/css/main.css, size: 7905
2010-09-04 01:37:58 src: /stuff/www/renshuu.paazmaya.com/public_html/css/autoSuggest.css, size: 4750
2010-09-04 01:37:58 src: /stuff/www/renshuu.paazmaya.com/public_html/css/jquery.clockpick.1.2.7.css, size: 706
2010-09-04 01:37:58 src: /stuff/www/renshuu.paazmaya.com/public_html/css/ui.timepickr.css, size: 843
2010-09-04 01:37:59 src: /stuff/www/renshuu.paazmaya.com/public_html/css/main.css, size: 7905
2010-09-04 01:37:59 src: /stuff/www/renshuu.paazmaya.com/public_html/css/autoSuggest.css, size: 4750
2010-09-04 01:37:59 src: /stuff/www/renshuu.paazmaya.com/public_html/css/jquery.clockpick.1.2.7.css, size: 706
2010-09-04 01:37:59 src: /stuff/www/renshuu.paazmaya.com/public_html/css/ui.timepickr.css, size: 843
2010-09-04 01:38:23 src: /stuff/www/renshuu.paazmaya.com/public_html/css/main.css, size: 7905
2010-09-04 01:38:23 src: /stuff/www/renshuu.paazmaya.com/public_html/css/autoSuggest.css, size: 4750
2010-09-04 01:38:23 src: /stuff/www/renshuu.paazmaya.com/public_html/css/jquery.clockpick.1.2.7.css, size: 706
2010-09-04 01:38:23 src: /stuff/www/renshuu.paazmaya.com/public_html/css/ui.timepickr.css, size: 843
2010-09-04 01:38:29 src: /stuff/www/renshuu.paazmaya.com/public_html/css/main.css, size: 7905
2010-09-04 01:38:29 src: /stuff/www/renshuu.paazmaya.com/public_html/css/autoSuggest.css, size: 4750
2010-09-04 01:38:29 src: /stuff/www/renshuu.paazmaya.com/public_html/css/jquery.clockpick.1.2.7.css, size: 706
2010-09-04 01:38:29 src: /stuff/www/renshuu.paazmaya.com/public_html/css/ui.timepickr.css, size: 843
2010-09-04 01:46:37 src: /stuff/www/renshuu.paazmaya.com/public_html/css/main.css, size: 7905
2010-09-04 01:46:37 src: /stuff/www/renshuu.paazmaya.com/public_html/css/autoSuggest.css, size: 4750
2010-09-04 01:46:37 src: /stuff/www/renshuu.paazmaya.com/public_html/css/jquery.clockpick.1.2.7.css, size: 706
2010-09-04 01:46:37 src: /stuff/www/renshuu.paazmaya.com/public_html/css/ui.timepickr.css, size: 843
2010-09-04 01:46:42 src: /stuff/www/renshuu.paazmaya.com/public_html/css/main.css, size: 7905
2010-09-04 01:46:42 src: /stuff/www/renshuu.paazmaya.com/public_html/css/autoSuggest.css, size: 4750
2010-09-04 01:46:42 src: /stuff/www/renshuu.paazmaya.com/public_html/css/jquery.clockpick.1.2.7.css, size: 706
2010-09-04 01:46:42 src: /stuff/www/renshuu.paazmaya.com/public_html/css/ui.timepickr.css, size: 843
2010-09-04 02:59:17 src: /stuff/www/renshuu.paazmaya.com/public_html/css/main.css, size: 7905
2010-09-04 02:59:17 src: /stuff/www/renshuu.paazmaya.com/public_html/css/autoSuggest.css, size: 4750
2010-09-04 02:59:17 src: /stuff/www/renshuu.paazmaya.com/public_html/css/jquery.clockpick.1.2.7.css, size: 706
2010-09-04 02:59:17 src: /stuff/www/renshuu.paazmaya.com/public_html/css/ui.timepickr.css, size: 843
2010-09-04 03:33:45 src: /stuff/www/renshuu.paazmaya.com/public_html/css/main.css, size: 7905
2010-09-04 03:33:45 src: /stuff/www/renshuu.paazmaya.com/public_html/css/autoSuggest.css, size: 4750
2010-09-04 03:33:45 src: /stuff/www/renshuu.paazmaya.com/public_html/css/jquery.clockpick.1.2.7.css, size: 706
2010-09-04 03:33:45 src: /stuff/www/renshuu.paazmaya.com/public_html/css/ui.timepickr.css, size: 843
2010-09-04 04:59:23 src: /stuff/www/renshuu.paazmaya.com/public_html/css/main.css, size: 7905
2010-09-04 04:59:23 src: /stuff/www/renshuu.paazmaya.com/public_html/css/autoSuggest.css, size: 4750
2010-09-04 04:59:23 src: /stuff/www/renshuu.paazmaya.com/public_html/css/jquery.clockpick.1.2.7.css, size: 706
2010-09-04 04:59:23 src: /stuff/www/renshuu.paazmaya.com/public_html/css/ui.timepickr.css, size: 843
2010-09-04 04:59:23 src: /stuff/www/renshuu.paazmaya.com/public_html/css/main.css, size: 7905
2010-09-04 04:59:23 src: /stuff/www/renshuu.paazmaya.com/public_html/css/autoSuggest.css, size: 4750
2010-09-04 04:59:23 src: /stuff/www/renshuu.paazmaya.com/public_html/css/jquery.clockpick.1.2.7.css, size: 706
2010-09-04 04:59:23 src: /stuff/www/renshuu.paazmaya.com/public_html/css/ui.timepickr.css, size: 843
2010-09-04 04:59:23 src: /stuff/www/renshuu.paazmaya.com/public_html/css/main.css, size: 7905
2010-09-04 04:59:23 src: /stuff/www/renshuu.paazmaya.com/public_html/css/autoSuggest.css, size: 4750
2010-09-04 04:59:23 src: /stuff/www/renshuu.paazmaya.com/public_html/css/jquery.clockpick.1.2.7.css, size: 706
2010-09-04 04:59:23 src: /stuff/www/renshuu.paazmaya.com/public_html/css/ui.timepickr.css, size: 843
2010-09-04 04:59:37 src: /stuff/www/renshuu.paazmaya.com/public_html/css/main.css, size: 7905
2010-09-04 04:59:37 src: /stuff/www/renshuu.paazmaya.com/public_html/css/autoSuggest.css, size: 4750
2010-09-04 04:59:37 src: /stuff/www/renshuu.paazmaya.com/public_html/css/jquery.clockpick.1.2.7.css, size: 706
2010-09-04 04:59:37 src: /stuff/www/renshuu.paazmaya.com/public_html/css/ui.timepickr.css, size: 843
2010-09-04 05:21:08 src: /stuff/www/renshuu.paazmaya.com/public_html/css/main.css, size: 7905
2010-09-04 05:21:08 src: /stuff/www/renshuu.paazmaya.com/public_html/css/autoSuggest.css, size: 4750
2010-09-04 05:21:08 src: /stuff/www/renshuu.paazmaya.com/public_html/css/jquery.clockpick.1.2.7.css, size: 706
2010-09-04 05:21:08 src: /stuff/www/renshuu.paazmaya.com/public_html/css/ui.timepickr.css, size: 843
2010-09-04 05:21:09 src: /stuff/www/renshuu.paazmaya.com/public_html/css/main.css, size: 7905
2010-09-04 05:21:09 src: /stuff/www/renshuu.paazmaya.com/public_html/css/autoSuggest.css, size: 4750
2010-09-04 05:21:09 src: /stuff/www/renshuu.paazmaya.com/public_html/css/jquery.clockpick.1.2.7.css, size: 706
2010-09-04 05:21:09 src: /stuff/www/renshuu.paazmaya.com/public_html/css/ui.timepickr.css, size: 843
2010-09-04 05:28:48 src: /stuff/www/renshuu.paazmaya.com/public_html/css/main.css, size: 7905
2010-09-04 05:28:48 src: /stuff/www/renshuu.paazmaya.com/public_html/css/autoSuggest.css, size: 4750
2010-09-04 05:28:48 src: /stuff/www/renshuu.paazmaya.com/public_html/css/jquery.clockpick.1.2.7.css, size: 706
2010-09-04 05:28:48 src: /stuff/www/renshuu.paazmaya.com/public_html/css/ui.timepickr.css, size: 843
2010-09-04 05:35:32 src: /stuff/www/renshuu.paazmaya.com/public_html/css/main.css, size: 7905
2010-09-04 05:35:32 src: /stuff/www/renshuu.paazmaya.com/public_html/css/autoSuggest.css, size: 4750
2010-09-04 05:35:32 src: /stuff/www/renshuu.paazmaya.com/public_html/css/jquery.clockpick.1.2.7.css, size: 706
2010-09-04 05:35:32 src: /stuff/www/renshuu.paazmaya.com/public_html/css/ui.timepickr.css, size: 843
2010-09-04 05:54:04 src: /stuff/www/renshuu.paazmaya.com/public_html/css/main.css, size: 7905
2010-09-04 05:54:04 src: /stuff/www/renshuu.paazmaya.com/public_html/css/autoSuggest.css, size: 4750
2010-09-04 05:54:04 src: /stuff/www/renshuu.paazmaya.com/public_html/css/jquery.clockpick.1.2.7.css, size: 706
2010-09-04 05:54:04 src: /stuff/www/renshuu.paazmaya.com/public_html/css/ui.timepickr.css, size: 843
2010-09-04 05:54:07 src: /stuff/www/renshuu.paazmaya.com/public_html/css/main.css, size: 7905
2010-09-04 05:54:07 src: /stuff/www/renshuu.paazmaya.com/public_html/css/autoSuggest.css, size: 4750
2010-09-04 05:54:07 src: /stuff/www/renshuu.paazmaya.com/public_html/css/jquery.clockpick.1.2.7.css, size: 706
2010-09-04 05:54:07 src: /stuff/www/renshuu.paazmaya.com/public_html/css/ui.timepickr.css, size: 843
2010-09-04 05:54:08 src: /stuff/www/renshuu.paazmaya.com/public_html/css/main.css, size: 7905
2010-09-04 05:54:08 src: /stuff/www/renshuu.paazmaya.com/public_html/css/autoSuggest.css, size: 4750
2010-09-04 05:54:08 src: /stuff/www/renshuu.paazmaya.com/public_html/css/jquery.clockpick.1.2.7.css, size: 706
2010-09-04 05:54:08 src: /stuff/www/renshuu.paazmaya.com/public_html/css/ui.timepickr.css, size: 843
2010-09-04 05:54:19 src: /stuff/www/renshuu.paazmaya.com/public_html/css/main.css, size: 7905
2010-09-04 05:54:19 src: /stuff/www/renshuu.paazmaya.com/public_html/css/autoSuggest.css, size: 4750
2010-09-04 05:54:19 src: /stuff/www/renshuu.paazmaya.com/public_html/css/jquery.clockpick.1.2.7.css, size: 706
2010-09-04 05:54:19 src: /stuff/www/renshuu.paazmaya.com/public_html/css/ui.timepickr.css, size: 843
2010-09-04 05:58:39 src: /stuff/www/renshuu.paazmaya.com/public_html/css/main.css, size: 7905
2010-09-04 05:58:39 src: /stuff/www/renshuu.paazmaya.com/public_html/css/autoSuggest.css, size: 4750
2010-09-04 05:58:39 src: /stuff/www/renshuu.paazmaya.com/public_html/css/jquery.clockpick.1.2.7.css, size: 706
2010-09-04 05:58:39 src: /stuff/www/renshuu.paazmaya.com/public_html/css/ui.timepickr.css, size: 843
2010-09-04 06:14:28 src: /stuff/www/renshuu.paazmaya.com/public_html/css/main.css, size: 7905
2010-09-04 06:14:28 src: /stuff/www/renshuu.paazmaya.com/public_html/css/autoSuggest.css, size: 4750
2010-09-04 06:14:28 src: /stuff/www/renshuu.paazmaya.com/public_html/css/jquery.clockpick.1.2.7.css, size: 706
2010-09-04 06:14:28 src: /stuff/www/renshuu.paazmaya.com/public_html/css/ui.timepickr.css, size: 843
2010-09-04 06:14:33 src: /stuff/www/renshuu.paazmaya.com/public_html/css/main.css, size: 7905
2010-09-04 06:14:33 src: /stuff/www/renshuu.paazmaya.com/public_html/css/autoSuggest.css, size: 4750
2010-09-04 06:14:33 src: /stuff/www/renshuu.paazmaya.com/public_html/css/jquery.clockpick.1.2.7.css, size: 706
2010-09-04 06:14:33 src: /stuff/www/renshuu.paazmaya.com/public_html/css/ui.timepickr.css, size: 843
2010-09-04 06:14:45 src: /stuff/www/renshuu.paazmaya.com/public_html/css/main.css, size: 7905
2010-09-04 06:14:45 src: /stuff/www/renshuu.paazmaya.com/public_html/css/autoSuggest.css, size: 4750
2010-09-04 06:14:45 src: /stuff/www/renshuu.paazmaya.com/public_html/css/jquery.clockpick.1.2.7.css, size: 706
2010-09-04 06:14:45 src: /stuff/www/renshuu.paazmaya.com/public_html/css/ui.timepickr.css, size: 843
2010-09-04 06:16:31 src: /stuff/www/renshuu.paazmaya.com/public_html/css/main.css, size: 7905
2010-09-04 06:16:31 src: /stuff/www/renshuu.paazmaya.com/public_html/css/autoSuggest.css, size: 4750
2010-09-04 06:16:31 src: /stuff/www/renshuu.paazmaya.com/public_html/css/jquery.clockpick.1.2.7.css, size: 706
2010-09-04 06:16:31 src: /stuff/www/renshuu.paazmaya.com/public_html/css/ui.timepickr.css, size: 843
2010-09-04 06:17:00 src: /stuff/www/renshuu.paazmaya.com/public_html/css/main.css, size: 7905
2010-09-04 06:17:00 src: /stuff/www/renshuu.paazmaya.com/public_html/css/autoSuggest.css, size: 4750
2010-09-04 06:17:00 src: /stuff/www/renshuu.paazmaya.com/public_html/css/jquery.clockpick.1.2.7.css, size: 706
2010-09-04 06:17:00 src: /stuff/www/renshuu.paazmaya.com/public_html/css/ui.timepickr.css, size: 843
2010-09-04 06:19:52 src: /stuff/www/renshuu.paazmaya.com/public_html/css/main.css, size: 7937
2010-09-04 06:19:52 des: /stuff/www/renshuu.paazmaya.com/public_html/css/main.min.css, size: 5700
2010-09-04 06:19:52 src: /stuff/www/renshuu.paazmaya.com/public_html/css/autoSuggest.css, size: 4750
2010-09-04 06:19:52 src: /stuff/www/renshuu.paazmaya.com/public_html/css/jquery.clockpick.1.2.7.css, size: 706
2010-09-04 06:19:52 src: /stuff/www/renshuu.paazmaya.com/public_html/css/ui.timepickr.css, size: 843
2010-09-04 06:19:52 outfile: /stuff/www/renshuu.paazmaya.com/public_html/css/renshuu.min.css, size: 10918
2010-09-04 06:19:52 outfilegz: /stuff/www/renshuu.paazmaya.com/public_html/css/renshuu.min.gz.css, size: 3049
2010-09-04 06:19:52 src: /stuff/www/renshuu.paazmaya.com/public_html/css/main.css, size: 7937
2010-09-04 06:19:52 src: /stuff/www/renshuu.paazmaya.com/public_html/css/autoSuggest.css, size: 4750
2010-09-04 06:19:52 src: /stuff/www/renshuu.paazmaya.com/public_html/css/jquery.clockpick.1.2.7.css, size: 706
2010-09-04 06:19:52 src: /stuff/www/renshuu.paazmaya.com/public_html/css/ui.timepickr.css, size: 843
2010-09-04 06:21:21 src: /stuff/www/renshuu.paazmaya.com/public_html/css/main.css, size: 7969
2010-09-04 06:21:21 des: /stuff/www/renshuu.paazmaya.com/public_html/css/main.min.css, size: 5725
2010-09-04 06:21:21 src: /stuff/www/renshuu.paazmaya.com/public_html/css/autoSuggest.css, size: 4750
2010-09-04 06:21:21 src: /stuff/www/renshuu.paazmaya.com/public_html/css/jquery.clockpick.1.2.7.css, size: 706
2010-09-04 06:21:21 src: /stuff/www/renshuu.paazmaya.com/public_html/css/ui.timepickr.css, size: 843
2010-09-04 06:21:21 outfile: /stuff/www/renshuu.paazmaya.com/public_html/css/renshuu.min.css, size: 10944
2010-09-04 06:21:21 outfilegz: /stuff/www/renshuu.paazmaya.com/public_html/css/renshuu.min.gz.css, size: 3056
2010-09-04 06:21:21 src: /stuff/www/renshuu.paazmaya.com/public_html/css/main.css, size: 7969
2010-09-04 06:21:21 src: /stuff/www/renshuu.paazmaya.com/public_html/css/autoSuggest.css, size: 4750
2010-09-04 06:21:21 src: /stuff/www/renshuu.paazmaya.com/public_html/css/jquery.clockpick.1.2.7.css, size: 706
2010-09-04 06:21:21 src: /stuff/www/renshuu.paazmaya.com/public_html/css/ui.timepickr.css, size: 843
2010-09-07 02:18:48 src: /stuff/www/renshuu.paazmaya.com/public_html/css/main.css, size: 7969
2010-09-07 02:18:48 src: /stuff/www/renshuu.paazmaya.com/public_html/css/autoSuggest.css, size: 4750
2010-09-07 02:18:48 src: /stuff/www/renshuu.paazmaya.com/public_html/css/jquery.clockpick.1.2.7.css, size: 706
2010-09-07 02:18:48 src: /stuff/www/renshuu.paazmaya.com/public_html/css/ui.timepickr.css, size: 843
2010-09-07 02:37:32 src: /stuff/www/renshuu.paazmaya.com/public_html/css/main.css, size: 7969
2010-09-07 02:37:32 src: /stuff/www/renshuu.paazmaya.com/public_html/css/autoSuggest.css, size: 4750
2010-09-07 02:37:32 src: /stuff/www/renshuu.paazmaya.com/public_html/css/jquery.clockpick.1.2.7.css, size: 706
2010-09-07 02:37:32 src: /stuff/www/renshuu.paazmaya.com/public_html/css/ui.timepickr.css, size: 843
2010-09-07 02:37:32 src: /stuff/www/renshuu.paazmaya.com/public_html/css/main.css, size: 7969
2010-09-07 02:37:32 src: /stuff/www/renshuu.paazmaya.com/public_html/css/autoSuggest.css, size: 4750
2010-09-07 02:37:32 src: /stuff/www/renshuu.paazmaya.com/public_html/css/jquery.clockpick.1.2.7.css, size: 706
2010-09-07 02:37:32 src: /stuff/www/renshuu.paazmaya.com/public_html/css/ui.timepickr.css, size: 843
2010-09-07 05:24:09 src: /stuff/www/renshuu.paazmaya.com/public_html/css/main.css, size: 7969
2010-09-07 05:24:09 src: /stuff/www/renshuu.paazmaya.com/public_html/css/autoSuggest.css, size: 4750
2010-09-07 05:24:09 src: /stuff/www/renshuu.paazmaya.com/public_html/css/jquery.clockpick.1.2.7.css, size: 706
2010-09-07 05:24:09 src: /stuff/www/renshuu.paazmaya.com/public_html/css/ui.timepickr.css, size: 843
2010-09-07 05:24:23 src: /stuff/www/renshuu.paazmaya.com/public_html/css/main.css, size: 7969
2010-09-07 05:24:23 src: /stuff/www/renshuu.paazmaya.com/public_html/css/autoSuggest.css, size: 4750
2010-09-07 05:24:23 src: /stuff/www/renshuu.paazmaya.com/public_html/css/jquery.clockpick.1.2.7.css, size: 706
2010-09-07 05:24:23 src: /stuff/www/renshuu.paazmaya.com/public_html/css/ui.timepickr.css, size: 843
2010-09-07 05:42:02 src: /stuff/www/renshuu.paazmaya.com/public_html/css/main.css, size: 7969
2010-09-07 05:42:02 src: /stuff/www/renshuu.paazmaya.com/public_html/css/autoSuggest.css, size: 4750
2010-09-07 05:42:02 src: /stuff/www/renshuu.paazmaya.com/public_html/css/jquery.clockpick.1.2.7.css, size: 706
2010-09-07 05:42:02 src: /stuff/www/renshuu.paazmaya.com/public_html/css/ui.timepickr.css, size: 843
2010-09-07 05:42:03 src: /stuff/www/renshuu.paazmaya.com/public_html/css/main.css, size: 7969
2010-09-07 05:42:03 src: /stuff/www/renshuu.paazmaya.com/public_html/css/autoSuggest.css, size: 4750
2010-09-07 05:42:03 src: /stuff/www/renshuu.paazmaya.com/public_html/css/jquery.clockpick.1.2.7.css, size: 706
2010-09-07 05:42:03 src: /stuff/www/renshuu.paazmaya.com/public_html/css/ui.timepickr.css, size: 843
2010-09-07 05:43:18 src: /stuff/www/renshuu.paazmaya.com/public_html/css/main.css, size: 7969
2010-09-07 05:43:18 src: /stuff/www/renshuu.paazmaya.com/public_html/css/autoSuggest.css, size: 4750
2010-09-07 05:43:18 src: /stuff/www/renshuu.paazmaya.com/public_html/css/jquery.clockpick.1.2.7.css, size: 706
2010-09-07 05:43:18 src: /stuff/www/renshuu.paazmaya.com/public_html/css/ui.timepickr.css, size: 843
2010-09-07 06:16:06 src: /stuff/www/renshuu.paazmaya.com/public_html/css/main.css, size: 7969
2010-09-07 06:16:06 src: /stuff/www/renshuu.paazmaya.com/public_html/css/autoSuggest.css, size: 4750
2010-09-07 06:16:06 src: /stuff/www/renshuu.paazmaya.com/public_html/css/jquery.clockpick.1.2.7.css, size: 706
2010-09-07 06:16:06 src: /stuff/www/renshuu.paazmaya.com/public_html/css/ui.timepickr.css, size: 843
2010-09-07 06:16:06 src: /stuff/www/renshuu.paazmaya.com/public_html/css/main.css, size: 7969
2010-09-07 06:16:06 src: /stuff/www/renshuu.paazmaya.com/public_html/css/autoSuggest.css, size: 4750
2010-09-07 06:16:06 src: /stuff/www/renshuu.paazmaya.com/public_html/css/jquery.clockpick.1.2.7.css, size: 706
2010-09-07 06:16:06 src: /stuff/www/renshuu.paazmaya.com/public_html/css/ui.timepickr.css, size: 843
2010-09-08 01:55:32 src: /stuff/www/renshuu.paazmaya.com/public_html/css/main.css, size: 8417
2010-09-08 01:55:32 des: /stuff/www/renshuu.paazmaya.com/public_html/css/main.min.css, size: 5751
2010-09-08 01:55:32 src: /stuff/www/renshuu.paazmaya.com/public_html/css/autoSuggest.css, size: 4750
2010-09-08 01:55:32 src: /stuff/www/renshuu.paazmaya.com/public_html/css/jquery.clockpick.1.2.7.css, size: 706
2010-09-08 01:55:32 src: /stuff/www/renshuu.paazmaya.com/public_html/css/ui.timepickr.css, size: 843
2010-09-08 01:55:32 outfile: /stuff/www/renshuu.paazmaya.com/public_html/css/renshuu.min.css, size: 11337
2010-09-08 01:55:32 outfilegz: /stuff/www/renshuu.paazmaya.com/public_html/css/renshuu.min.gz.css, size: 3152
2010-09-08 05:06:43 src: /stuff/www/renshuu.paazmaya.com/public_html/css/main.css, size: 8417
2010-09-08 05:06:43 src: /stuff/www/renshuu.paazmaya.com/public_html/css/autoSuggest.css, size: 4750
2010-09-08 05:06:43 src: /stuff/www/renshuu.paazmaya.com/public_html/css/jquery.clockpick.1.2.7.css, size: 706
2010-09-08 05:06:43 src: /stuff/www/renshuu.paazmaya.com/public_html/css/ui.timepickr.css, size: 843
2010-09-08 05:06:56 src: /stuff/www/renshuu.paazmaya.com/public_html/css/main.css, size: 8417
2010-09-08 05:06:56 src: /stuff/www/renshuu.paazmaya.com/public_html/css/autoSuggest.css, size: 4750
2010-09-08 05:06:56 src: /stuff/www/renshuu.paazmaya.com/public_html/css/jquery.clockpick.1.2.7.css, size: 706
2010-09-08 05:06:56 src: /stuff/www/renshuu.paazmaya.com/public_html/css/ui.timepickr.css, size: 843
2010-09-08 05:07:16 src: /stuff/www/renshuu.paazmaya.com/public_html/css/main.css, size: 8417
2010-09-08 05:07:16 src: /stuff/www/renshuu.paazmaya.com/public_html/css/autoSuggest.css, size: 4750
2010-09-08 05:07:16 src: /stuff/www/renshuu.paazmaya.com/public_html/css/jquery.clockpick.1.2.7.css, size: 706
2010-09-08 05:07:16 src: /stuff/www/renshuu.paazmaya.com/public_html/css/ui.timepickr.css, size: 843
2010-09-08 05:47:19 src: /stuff/www/renshuu.paazmaya.com/public_html/css/main.css, size: 8417
2010-09-08 05:47:19 src: /stuff/www/renshuu.paazmaya.com/public_html/css/autoSuggest.css, size: 4750
2010-09-08 05:47:19 src: /stuff/www/renshuu.paazmaya.com/public_html/css/jquery.clockpick.1.2.7.css, size: 706
2010-09-08 05:47:19 src: /stuff/www/renshuu.paazmaya.com/public_html/css/ui.timepickr.css, size: 843
2010-09-08 05:47:19 src: /stuff/www/renshuu.paazmaya.com/public_html/css/main.css, size: 8417
2010-09-08 05:47:19 src: /stuff/www/renshuu.paazmaya.com/public_html/css/autoSuggest.css, size: 4750
2010-09-08 05:47:19 src: /stuff/www/renshuu.paazmaya.com/public_html/css/jquery.clockpick.1.2.7.css, size: 706
2010-09-08 05:47:19 src: /stuff/www/renshuu.paazmaya.com/public_html/css/ui.timepickr.css, size: 843
2010-09-08 05:50:04 src: /stuff/www/renshuu.paazmaya.com/public_html/css/main.css, size: 8417
2010-09-08 05:50:04 src: /stuff/www/renshuu.paazmaya.com/public_html/css/autoSuggest.css, size: 4750
2010-09-08 05:50:04 src: /stuff/www/renshuu.paazmaya.com/public_html/css/jquery.clockpick.1.2.7.css, size: 706
2010-09-08 05:50:04 src: /stuff/www/renshuu.paazmaya.com/public_html/css/ui.timepickr.css, size: 843
2010-09-08 13:47:32 src: /stuff/www/renshuu.paazmaya.com/public_html/css/main.css, size: 8417
2010-09-08 13:47:32 src: /stuff/www/renshuu.paazmaya.com/public_html/css/autoSuggest.css, size: 4750
2010-09-08 13:47:32 src: /stuff/www/renshuu.paazmaya.com/public_html/css/jquery.clockpick.1.2.7.css, size: 706
2010-09-08 13:47:32 src: /stuff/www/renshuu.paazmaya.com/public_html/css/ui.timepickr.css, size: 843
2010-09-08 13:49:03 src: /stuff/www/renshuu.paazmaya.com/public_html/css/main.css, size: 8417
2010-09-08 13:49:03 src: /stuff/www/renshuu.paazmaya.com/public_html/css/autoSuggest.css, size: 4750
2010-09-08 13:49:03 src: /stuff/www/renshuu.paazmaya.com/public_html/css/jquery.clockpick.1.2.7.css, size: 706
2010-09-08 13:49:03 src: /stuff/www/renshuu.paazmaya.com/public_html/css/ui.timepickr.css, size: 843
2010-09-08 13:50:34 src: /stuff/www/renshuu.paazmaya.com/public_html/css/main.css, size: 8417
2010-09-08 13:50:34 src: /stuff/www/renshuu.paazmaya.com/public_html/css/autoSuggest.css, size: 4750
2010-09-08 13:50:34 src: /stuff/www/renshuu.paazmaya.com/public_html/css/jquery.clockpick.1.2.7.css, size: 706
2010-09-08 13:50:34 src: /stuff/www/renshuu.paazmaya.com/public_html/css/ui.timepickr.css, size: 843
2010-09-08 13:50:34 src: /stuff/www/renshuu.paazmaya.com/public_html/css/main.css, size: 8417
2010-09-08 13:50:34 src: /stuff/www/renshuu.paazmaya.com/public_html/css/autoSuggest.css, size: 4750
2010-09-08 13:50:34 src: /stuff/www/renshuu.paazmaya.com/public_html/css/jquery.clockpick.1.2.7.css, size: 706
2010-09-08 13:50:34 src: /stuff/www/renshuu.paazmaya.com/public_html/css/ui.timepickr.css, size: 843
2010-09-08 13:50:49 src: /stuff/www/renshuu.paazmaya.com/public_html/css/main.css, size: 8417
2010-09-08 13:50:49 src: /stuff/www/renshuu.paazmaya.com/public_html/css/autoSuggest.css, size: 4750
2010-09-08 13:50:49 src: /stuff/www/renshuu.paazmaya.com/public_html/css/jquery.clockpick.1.2.7.css, size: 706
2010-09-08 13:50:49 src: /stuff/www/renshuu.paazmaya.com/public_html/css/ui.timepickr.css, size: 843
2010-09-08 13:52:49 src: /stuff/www/renshuu.paazmaya.com/public_html/css/main.css, size: 8417
2010-09-08 13:52:49 src: /stuff/www/renshuu.paazmaya.com/public_html/css/autoSuggest.css, size: 4750
2010-09-08 13:52:49 src: /stuff/www/renshuu.paazmaya.com/public_html/css/jquery.clockpick.1.2.7.css, size: 706
2010-09-08 13:52:49 src: /stuff/www/renshuu.paazmaya.com/public_html/css/ui.timepickr.css, size: 843
2010-09-08 13:56:21 src: /stuff/www/renshuu.paazmaya.com/public_html/css/main.css, size: 8417
2010-09-08 13:56:21 src: /stuff/www/renshuu.paazmaya.com/public_html/css/autoSuggest.css, size: 4750
2010-09-08 13:56:21 src: /stuff/www/renshuu.paazmaya.com/public_html/css/jquery.clockpick.1.2.7.css, size: 706
2010-09-08 13:56:21 src: /stuff/www/renshuu.paazmaya.com/public_html/css/ui.timepickr.css, size: 843
2010-09-09 03:30:50 src: /stuff/www/renshuu.paazmaya.com/public_html/css/main.css, size: 8417
2010-09-09 03:30:51 src: /stuff/www/renshuu.paazmaya.com/public_html/css/autoSuggest.css, size: 4750
2010-09-09 03:30:51 src: /stuff/www/renshuu.paazmaya.com/public_html/css/jquery.clockpick.1.2.7.css, size: 706
2010-09-09 03:30:51 src: /stuff/www/renshuu.paazmaya.com/public_html/css/ui.timepickr.css, size: 843
2010-09-09 03:48:53 src: /stuff/www/renshuu.paazmaya.com/public_html/css/main.css, size: 8436
2010-09-09 03:48:53 des: /stuff/www/renshuu.paazmaya.com/public_html/css/main.min.css, size: 6144
2010-09-09 03:48:53 src: /stuff/www/renshuu.paazmaya.com/public_html/css/autoSuggest.css, size: 4750
2010-09-09 03:48:53 src: /stuff/www/renshuu.paazmaya.com/public_html/css/jquery.clockpick.1.2.7.css, size: 706
2010-09-09 03:48:53 src: /stuff/www/renshuu.paazmaya.com/public_html/css/ui.timepickr.css, size: 843
2010-09-09 03:48:53 outfile: /stuff/www/renshuu.paazmaya.com/public_html/css/renshuu.min.css, size: 11353
2010-09-09 03:48:53 outfilegz: /stuff/www/renshuu.paazmaya.com/public_html/css/renshuu.min.gz.css, size: 3154
2010-09-09 04:29:23 src: /stuff/www/renshuu.paazmaya.com/public_html/css/main.css, size: 8436
2010-09-09 04:29:23 src: /stuff/www/renshuu.paazmaya.com/public_html/css/autoSuggest.css, size: 4750
2010-09-09 04:29:23 src: /stuff/www/renshuu.paazmaya.com/public_html/css/jquery.clockpick.1.2.7.css, size: 706
2010-09-09 04:29:23 src: /stuff/www/renshuu.paazmaya.com/public_html/css/ui.timepickr.css, size: 843
2010-09-09 04:47:33 src: /stuff/www/renshuu.paazmaya.com/public_html/css/main.css, size: 8436
2010-09-09 04:47:33 src: /stuff/www/renshuu.paazmaya.com/public_html/css/autoSuggest.css, size: 4750
2010-09-09 04:47:33 src: /stuff/www/renshuu.paazmaya.com/public_html/css/jquery.clockpick.1.2.7.css, size: 706
2010-09-09 04:47:33 src: /stuff/www/renshuu.paazmaya.com/public_html/css/ui.timepickr.css, size: 843
2010-09-09 05:27:30 src: /stuff/www/renshuu.paazmaya.com/public_html/css/main.css, size: 8436
2010-09-09 05:27:30 src: /stuff/www/renshuu.paazmaya.com/public_html/css/autoSuggest.css, size: 4750
2010-09-09 05:27:30 src: /stuff/www/renshuu.paazmaya.com/public_html/css/jquery.clockpick.1.2.7.css, size: 706
2010-09-09 05:27:30 src: /stuff/www/renshuu.paazmaya.com/public_html/css/ui.timepickr.css, size: 843
2010-09-09 23:39:21 src: /stuff/www/renshuu.paazmaya.com/public_html/css/main.css, size: 8436
2010-09-09 23:39:21 src: /stuff/www/renshuu.paazmaya.com/public_html/css/autoSuggest.css, size: 4750
2010-09-09 23:39:21 src: /stuff/www/renshuu.paazmaya.com/public_html/css/jquery.clockpick.1.2.7.css, size: 706
2010-09-09 23:39:21 src: /stuff/www/renshuu.paazmaya.com/public_html/css/ui.timepickr.css, size: 843
2010-09-15 00:12:12 src: /stuff/www/renshuu.paazmaya.com/public_html/css/main.css, size: 8436
2010-09-15 00:12:12 src: /stuff/www/renshuu.paazmaya.com/public_html/css/autoSuggest.css, size: 4750
2010-09-15 00:12:12 src: /stuff/www/renshuu.paazmaya.com/public_html/css/jquery.clockpick.1.2.7.css, size: 706
2010-09-15 00:12:12 src: /stuff/www/renshuu.paazmaya.com/public_html/css/ui.timepickr.css, size: 843
2010-09-15 00:23:11 src: /stuff/www/renshuu.paazmaya.com/public_html/css/main.css, size: 8436
2010-09-15 00:23:11 src: /stuff/www/renshuu.paazmaya.com/public_html/css/autoSuggest.css, size: 4750
2010-09-15 00:23:11 src: /stuff/www/renshuu.paazmaya.com/public_html/css/jquery.clockpick.1.2.7.css, size: 706
2010-09-15 00:23:11 src: /stuff/www/renshuu.paazmaya.com/public_html/css/ui.timepickr.css, size: 843
2010-09-15 05:38:45 src: /stuff/www/renshuu.paazmaya.com/public_html/css/main.css, size: 8436
2010-09-15 05:38:45 src: /stuff/www/renshuu.paazmaya.com/public_html/css/autoSuggest.css, size: 4750
2010-09-15 05:38:45 src: /stuff/www/renshuu.paazmaya.com/public_html/css/jquery.clockpick.1.2.7.css, size: 706
2010-09-15 05:38:45 src: /stuff/www/renshuu.paazmaya.com/public_html/css/ui.timepickr.css, size: 843
2010-09-15 05:39:23 src: /stuff/www/renshuu.paazmaya.com/public_html/css/main.css, size: 8436
2010-09-15 05:39:23 src: /stuff/www/renshuu.paazmaya.com/public_html/css/autoSuggest.css, size: 4750
2010-09-15 05:39:23 src: /stuff/www/renshuu.paazmaya.com/public_html/css/jquery.clockpick.1.2.7.css, size: 706
2010-09-15 05:39:23 src: /stuff/www/renshuu.paazmaya.com/public_html/css/ui.timepickr.css, size: 843
2010-09-15 05:40:33 src: /stuff/www/renshuu.paazmaya.com/public_html/css/main.css, size: 8436
2010-09-15 05:40:33 src: /stuff/www/renshuu.paazmaya.com/public_html/css/autoSuggest.css, size: 4750
2010-09-15 05:40:33 src: /stuff/www/renshuu.paazmaya.com/public_html/css/jquery.clockpick.1.2.7.css, size: 706
2010-09-15 05:40:33 src: /stuff/www/renshuu.paazmaya.com/public_html/css/ui.timepickr.css, size: 843
2010-09-15 06:11:12 src: /stuff/www/renshuu.paazmaya.com/public_html/css/main.css, size: 8436
2010-09-15 06:11:12 src: /stuff/www/renshuu.paazmaya.com/public_html/css/autoSuggest.css, size: 4750
2010-09-15 06:11:12 src: /stuff/www/renshuu.paazmaya.com/public_html/css/jquery.clockpick.1.2.7.css, size: 706
2010-09-15 06:11:12 src: /stuff/www/renshuu.paazmaya.com/public_html/css/ui.timepickr.css, size: 843
2010-09-16 04:41:08 src: /stuff/www/renshuu.paazmaya.com/public_html/css/main.css, size: 8436
2010-09-16 04:41:08 src: /stuff/www/renshuu.paazmaya.com/public_html/css/autoSuggest.css, size: 4750
2010-09-16 04:41:08 src: /stuff/www/renshuu.paazmaya.com/public_html/css/jquery.clockpick.1.2.7.css, size: 706
2010-09-16 04:41:08 src: /stuff/www/renshuu.paazmaya.com/public_html/css/ui.timepickr.css, size: 843
2010-09-16 04:54:29 src: /stuff/www/renshuu.paazmaya.com/public_html/css/main.css, size: 8436
2010-09-16 04:54:29 src: /stuff/www/renshuu.paazmaya.com/public_html/css/autoSuggest.css, size: 4750
2010-09-16 04:54:29 src: /stuff/www/renshuu.paazmaya.com/public_html/css/jquery.clockpick.1.2.7.css, size: 706
2010-09-16 04:54:29 src: /stuff/www/renshuu.paazmaya.com/public_html/css/ui.timepickr.css, size: 843
2010-09-16 06:42:46 src: /stuff/www/renshuu.paazmaya.com/public_html/css/main.css, size: 8436
2010-09-16 06:42:46 src: /stuff/www/renshuu.paazmaya.com/public_html/css/autoSuggest.css, size: 4750
2010-09-16 06:42:46 src: /stuff/www/renshuu.paazmaya.com/public_html/css/jquery.clockpick.1.2.7.css, size: 706
2010-09-16 06:42:46 src: /stuff/www/renshuu.paazmaya.com/public_html/css/ui.timepickr.css, size: 843
2010-09-17 02:31:07 src: /stuff/www/renshuu.paazmaya.com/public_html/css/main.css, size: 8436
2010-09-17 02:31:08 src: /stuff/www/renshuu.paazmaya.com/public_html/css/autoSuggest.css, size: 4750
2010-09-17 02:31:08 src: /stuff/www/renshuu.paazmaya.com/public_html/css/jquery.clockpick.1.2.7.css, size: 706
2010-09-17 02:31:08 src: /stuff/www/renshuu.paazmaya.com/public_html/css/ui.timepickr.css, size: 843
